yarn run v1.22.19
$ tsc -p server && tsc -p relayer && tsc -p common && npm run views
node_modules/abitype/dist/types/human-readable/formatAbi.d.ts(18,35): error TS1139: Type parameter declaration expected.
node_modules/abitype/dist/types/human-readable/formatAbi.d.ts(18,46): error TS1005: ',' expected.
node_modules/abitype/dist/types/human-readable/formatAbi.d.ts(18,58): error TS1005: ',' expected.
node_modules/abitype/dist/types/human-readable/formatAbi.d.ts(18,69): error TS1005: ';' expected.
node_modules/abitype/dist/types/human-readable/formatAbi.d.ts(18,77): error TS1011: An element access expression should take an argument.
node_modules/abitype/dist/types/human-readable/formatAbi.d.ts(18,83): error TS1005: ')' expected.
node_modules/abitype/dist/types/human-readable/formatAbi.d.ts(18,85): error TS1434: Unexpected keyword or identifier.
node_modules/abitype/dist/types/human-readable/formatAbi.d.ts(18,89): error TS1128: Declaration or statement expected.
node_modules/abitype/dist/types/human-readable/formatAbi.d.ts(18,90): error TS1128: Declaration or statement expected.
node_modules/abitype/dist/types/human-readable/formatAbiItem.d.ts(21,39): error TS1139: Type parameter declaration expected.
node_modules/abitype/dist/types/human-readable/formatAbiItem.d.ts(21,54): error TS1005: ',' expected.
node_modules/abitype/dist/types/human-readable/formatAbiItem.d.ts(21,65): error TS1005: ',' expected.
node_modules/abitype/dist/types/human-readable/formatAbiItem.d.ts(21,73): error TS1005: ',' expected.
node_modules/abitype/dist/types/human-readable/formatAbiItem.d.ts(21,82): error TS1005: ')' expected.
node_modules/abitype/dist/types/human-readable/formatAbiItem.d.ts(21,84): error TS1434: Unexpected keyword or identifier.
node_modules/abitype/dist/types/human-readable/formatAbiItem.d.ts(21,92): error TS1128: Declaration or statement expected.
node_modules/abitype/dist/types/human-readable/formatAbiItem.d.ts(21,93): error TS1128: Declaration or statement expected.
node_modules/abitype/dist/types/human-readable/formatAbiParameter.d.ts(48,44): error TS1139: Type parameter declaration expected.
node_modules/abitype/dist/types/human-readable/formatAbiParameter.d.ts(48,64): error TS1005: ',' expected.
node_modules/abitype/dist/types/human-readable/formatAbiParameter.d.ts(48,85): error TS1005: ',' expected.
node_modules/abitype/dist/types/human-readable/formatAbiParameter.d.ts(48,118): error TS1005: ')' expected.
node_modules/abitype/dist/types/human-readable/formatAbiParameter.d.ts(48,120): error TS1434: Unexpected keyword or identifier.
node_modules/abitype/dist/types/human-readable/formatAbiParameter.d.ts(48,133): error TS1128: Declaration or statement expected.
node_modules/abitype/dist/types/human-readable/formatAbiParameter.d.ts(48,134): error TS1128: Declaration or statement expected.
node_modules/abitype/dist/types/human-readable/formatAbiParameters.d.ts(36,45): error TS1139: Type parameter declaration expected.
node_modules/abitype/dist/types/human-readable/formatAbiParameters.d.ts(36,66): error TS1005: ',' expected.
node_modules/abitype/dist/types/human-readable/formatAbiParameters.d.ts(36,83): error TS1005: ',' expected.
node_modules/abitype/dist/types/human-readable/formatAbiParameters.d.ts(37,18): error TS1005: ',' expected.
node_modules/abitype/dist/types/human-readable/formatAbiParameters.d.ts(38,5): error TS1109: Expression expected.
node_modules/abitype/dist/types/human-readable/formatAbiParameters.d.ts(38,53): error TS1011: An element access expression should take an argument.
node_modules/abitype/dist/types/human-readable/formatAbiParameters.d.ts(39,1): error TS1128: Declaration or statement expected.
node_modules/abitype/dist/types/human-readable/formatAbiParameters.d.ts(39,2): error TS1109: Expression expected.
node_modules/abitype/dist/types/human-readable/formatAbiParameters.d.ts(39,17): error TS1005: ')' expected.
node_modules/abitype/dist/types/human-readable/formatAbiParameters.d.ts(39,19): error TS1434: Unexpected keyword or identifier.
node_modules/abitype/dist/types/human-readable/formatAbiParameters.d.ts(39,33): error TS1128: Declaration or statement expected.
node_modules/abitype/dist/types/human-readable/formatAbiParameters.d.ts(39,34): error TS1128: Declaration or statement expected.
node_modules/abitype/dist/types/human-readable/parseAbi.d.ts(37,34): error TS1139: Type parameter declaration expected.
node_modules/abitype/dist/types/human-readable/parseAbi.d.ts(37,52): error TS1005: ',' expected.
node_modules/abitype/dist/types/human-readable/parseAbi.d.ts(37,69): error TS1005: ',' expected.
node_modules/abitype/dist/types/human-readable/parseAbi.d.ts(37,75): error TS1005: ',' expected.
node_modules/abitype/dist/types/human-readable/parseAbi.d.ts(37,77): error TS1005: ',' expected.
node_modules/abitype/dist/types/human-readable/parseAbi.d.ts(37,89): error TS1005: ')' expected.
node_modules/abitype/dist/types/human-readable/parseAbi.d.ts(37,113): error TS1005: ';' expected.
node_modules/abitype/dist/types/human-readable/parseAbi.d.ts(37,192): error TS1005: ';' expected.
node_modules/abitype/dist/types/human-readable/parseAbi.d.ts(37,251): error TS1005: ';' expected.
node_modules/abitype/dist/types/human-readable/parseAbi.d.ts(37,252): error TS1128: Declaration or statement expected.
node_modules/viem/_types/accounts/types.d.ts(19,21): error TS1139: Type parameter declaration expected.
node_modules/viem/_types/accounts/types.d.ts(19,27): error TS1005: ';' expected.
node_modules/viem/_types/accounts/types.d.ts(19,38): error TS1128: Declaration or statement expected.
node_modules/viem/_types/accounts/types.d.ts(20,13): error TS1005: ']' expected.
node_modules/viem/_types/accounts/types.d.ts(20,21): error TS1005: ',' expected.
node_modules/viem/_types/accounts/types.d.ts(20,22): error TS1136: Property assignment expected.
node_modules/viem/_types/accounts/types.d.ts(20,31): error TS1005: ',' expected.
node_modules/viem/_types/accounts/types.d.ts(21,21): error TS1005: ';' expected.
node_modules/viem/_types/accounts/types.d.ts(21,55): error TS1005: ')' expected.
node_modules/viem/_types/accounts/types.d.ts(21,102): error TS1005: ';' expected.
node_modules/viem/_types/accounts/types.d.ts(21,104): error TS1128: Declaration or statement expected.
node_modules/viem/_types/accounts/types.d.ts(22,1): error TS1128: Declaration or statement expected.
node_modules/viem/_types/accounts/utils/signTypedData.d.ts(22,39): error TS1139: Type parameter declaration expected.
node_modules/viem/_types/accounts/utils/signTypedData.d.ts(22,56): error TS1005: ',' expected.
node_modules/viem/_types/accounts/utils/signTypedData.d.ts(22,74): error TS1005: ',' expected.
node_modules/viem/_types/accounts/utils/signTypedData.d.ts(23,9): error TS1005: ']' expected.
node_modules/viem/_types/accounts/utils/signTypedData.d.ts(23,17): error TS1005: ',' expected.
node_modules/viem/_types/accounts/utils/signTypedData.d.ts(23,18): error TS1136: Property assignment expected.
node_modules/viem/_types/accounts/utils/signTypedData.d.ts(23,27): error TS1005: ',' expected.
node_modules/viem/_types/accounts/utils/signTypedData.d.ts(24,17): error TS1005: ';' expected.
node_modules/viem/_types/accounts/utils/signTypedData.d.ts(24,70): error TS1005: ')' expected.
node_modules/viem/_types/accounts/utils/signTypedData.d.ts(24,121): error TS1005: ';' expected.
node_modules/viem/_types/accounts/utils/signTypedData.d.ts(24,122): error TS1128: Declaration or statement expected.
node_modules/viem/_types/actions/getContract.d.ts(279,93): error TS1139: Type parameter declaration expected.
node_modules/viem/_types/actions/getContract.d.ts(279,104): error TS1005: ',' expected.
node_modules/viem/_types/actions/getContract.d.ts(279,116): error TS1005: ',' expected.
node_modules/viem/_types/actions/getContract.d.ts(279,127): error TS1005: ';' expected.
node_modules/viem/_types/actions/getContract.d.ts(279,135): error TS1011: An element access expression should take an argument.
node_modules/viem/_types/actions/getContract.d.ts(279,145): error TS1005: ';' expected.
node_modules/viem/_types/actions/getContract.d.ts(279,171): error TS1005: ';' expected.
node_modules/viem/_types/actions/getContract.d.ts(279,201): error TS1005: ';' expected.
node_modules/viem/_types/actions/getContract.d.ts(279,229): error TS1005: ';' expected.
node_modules/viem/_types/actions/getContract.d.ts(279,266): error TS1005: ';' expected.
node_modules/viem/_types/actions/getContract.d.ts(279,313): error TS1005: ';' expected.
node_modules/viem/_types/actions/getContract.d.ts(279,369): error TS1005: ';' expected.
node_modules/viem/_types/actions/getContract.d.ts(279,426): error TS1005: ';' expected.
node_modules/viem/_types/actions/getContract.d.ts(279,523): error TS1005: ')' expected.
node_modules/viem/_types/actions/getContract.d.ts(279,622): error TS1005: ';' expected.
node_modules/viem/_types/actions/getContract.d.ts(279,623): error TS1128: Declaration or statement expected.
node_modules/viem/_types/actions/getContract.d.ts(309,34): error TS1139: Type parameter declaration expected.
node_modules/viem/_types/actions/getContract.d.ts(309,40): error TS1005: ':' expected.
node_modules/viem/_types/actions/getContract.d.ts(309,112): error TS1005: '?' expected.
node_modules/viem/_types/actions/getContract.d.ts(309,114): error TS1434: Unexpected keyword or identifier.
node_modules/viem/_types/actions/getContract.d.ts(309,122): error TS1128: Declaration or statement expected.
node_modules/viem/_types/actions/getContract.d.ts(309,150): error TS1005: ';' expected.
node_modules/viem/_types/actions/getContract.d.ts(309,163): error TS1109: Expression expected.
node_modules/viem/_types/actions/getContract.d.ts(309,201): error TS1005: ';' expected.
node_modules/viem/_types/actions/getContract.d.ts(309,225): error TS1109: Expression expected.
node_modules/viem/_types/actions/getContract.d.ts(310,21): error TS1005: ',' expected.
node_modules/viem/_types/actions/getContract.d.ts(312,9): error TS1005: ',' expected.
node_modules/viem/_types/actions/getContract.d.ts(312,24): error TS1005: ')' expected.
node_modules/viem/_types/actions/getContract.d.ts(312,63): error TS1005: ',' expected.
node_modules/viem/_types/actions/getContract.d.ts(313,13): error TS1109: Expression expected.
node_modules/viem/_types/actions/getContract.d.ts(314,25): error TS1005: ',' expected.
node_modules/viem/_types/actions/getContract.d.ts(316,2): error TS1005: ';' expected.
node_modules/viem/_types/actions/getContract.d.ts(316,4): error TS1128: Declaration or statement expected.
node_modules/viem/_types/actions/getContract.d.ts(316,86): error TS1005: ';' expected.
node_modules/viem/_types/actions/public/createContractEventFilter.d.ts(54,85): error TS1139: Type parameter declaration expected.
node_modules/viem/_types/actions/public/createContractEventFilter.d.ts(54,96): error TS1005: ',' expected.
node_modules/viem/_types/actions/public/createContractEventFilter.d.ts(54,108): error TS1005: ',' expected.
node_modules/viem/_types/actions/public/createContractEventFilter.d.ts(54,119): error TS1005: ';' expected.
node_modules/viem/_types/actions/public/createContractEventFilter.d.ts(54,127): error TS1011: An element access expression should take an argument.
node_modules/viem/_types/actions/public/createContractEventFilter.d.ts(54,141): error TS1005: ';' expected.
node_modules/viem/_types/actions/public/createContractEventFilter.d.ts(54,175): error TS1005: ';' expected.
node_modules/viem/_types/actions/public/createContractEventFilter.d.ts(54,251): error TS1005: ';' expected.
node_modules/viem/_types/actions/public/createContractEventFilter.d.ts(54,279): error TS1005: ';' expected.
node_modules/viem/_types/actions/public/createContractEventFilter.d.ts(54,303): error TS1005: ';' expected.
node_modules/viem/_types/actions/public/createContractEventFilter.d.ts(54,346): error TS1005: ';' expected.
node_modules/viem/_types/actions/public/createContractEventFilter.d.ts(54,368): error TS1005: ';' expected.
node_modules/viem/_types/actions/public/createContractEventFilter.d.ts(54,411): error TS1005: ';' expected.
node_modules/viem/_types/actions/public/createContractEventFilter.d.ts(54,430): error TS1005: ')' expected.
node_modules/viem/_types/actions/public/createContractEventFilter.d.ts(54,521): error TS1005: ';' expected.
node_modules/viem/_types/actions/public/createContractEventFilter.d.ts(54,614): error TS1005: ';' expected.
node_modules/viem/_types/actions/public/createContractEventFilter.d.ts(54,615): error TS1128: Declaration or statement expected.
node_modules/viem/_types/actions/public/createEventFilter.d.ts(80,77): error TS1139: Type parameter declaration expected.
node_modules/viem/_types/actions/public/createEventFilter.d.ts(80,93): error TS1005: ',' expected.
node_modules/viem/_types/actions/public/createEventFilter.d.ts(80,110): error TS1005: ',' expected.
node_modules/viem/_types/actions/public/createEventFilter.d.ts(80,122): error TS1005: ';' expected.
node_modules/viem/_types/actions/public/createEventFilter.d.ts(80,135): error TS1109: Expression expected.
node_modules/viem/_types/actions/public/createEventFilter.d.ts(80,152): error TS1005: ',' expected.
node_modules/viem/_types/actions/public/createEventFilter.d.ts(80,169): error TS1005: ',' expected.
node_modules/viem/_types/actions/public/createEventFilter.d.ts(80,177): error TS1005: ',' expected.
node_modules/viem/_types/actions/public/createEventFilter.d.ts(80,180): error TS1005: ',' expected.
node_modules/viem/_types/actions/public/createEventFilter.d.ts(80,191): error TS1005: ';' expected.
node_modules/viem/_types/actions/public/createEventFilter.d.ts(80,199): error TS1011: An element access expression should take an argument.
node_modules/viem/_types/actions/public/createEventFilter.d.ts(80,213): error TS1005: ';' expected.
node_modules/viem/_types/actions/public/createEventFilter.d.ts(80,215): error TS1434: Unexpected keyword or identifier.
node_modules/viem/_types/actions/public/createEventFilter.d.ts(80,225): error TS1128: Declaration or statement expected.
node_modules/viem/_types/actions/public/createEventFilter.d.ts(80,277): error TS1005: ';' expected.
node_modules/viem/_types/actions/public/createEventFilter.d.ts(80,305): error TS1005: ';' expected.
node_modules/viem/_types/actions/public/createEventFilter.d.ts(80,329): error TS1005: ';' expected.
node_modules/viem/_types/actions/public/createEventFilter.d.ts(80,380): error TS1005: ';' expected.
node_modules/viem/_types/actions/public/createEventFilter.d.ts(80,402): error TS1005: ';' expected.
node_modules/viem/_types/actions/public/createEventFilter.d.ts(80,453): error TS1005: ';' expected.
node_modules/viem/_types/actions/public/createEventFilter.d.ts(80,477): error TS1005: ';' expected.
node_modules/viem/_types/actions/public/createEventFilter.d.ts(80,504): error TS1005: ';' expected.
node_modules/viem/_types/actions/public/createEventFilter.d.ts(80,542): error TS1005: ';' expected.
node_modules/viem/_types/actions/public/createEventFilter.d.ts(80,615): error TS1005: ';' expected.
node_modules/viem/_types/actions/public/createEventFilter.d.ts(80,634): error TS1005: ')' expected.
node_modules/viem/_types/actions/public/createEventFilter.d.ts(80,734): error TS1109: Expression expected.
node_modules/viem/_types/actions/public/createEventFilter.d.ts(80,836): error TS1005: ';' expected.
node_modules/viem/_types/actions/public/createEventFilter.d.ts(80,837): error TS1128: Declaration or statement expected.
node_modules/viem/_types/actions/public/estimateContractGas.d.ts(42,45): error TS1139: Type parameter declaration expected.
node_modules/viem/_types/actions/public/estimateContractGas.d.ts(42,56): error TS1005: ',' expected.
node_modules/viem/_types/actions/public/estimateContractGas.d.ts(42,68): error TS1005: ',' expected.
node_modules/viem/_types/actions/public/estimateContractGas.d.ts(42,79): error TS1005: ';' expected.
node_modules/viem/_types/actions/public/estimateContractGas.d.ts(42,87): error TS1011: An element access expression should take an argument.
node_modules/viem/_types/actions/public/estimateContractGas.d.ts(42,104): error TS1005: ';' expected.
node_modules/viem/_types/actions/public/estimateContractGas.d.ts(42,127): error TS1005: ';' expected.
node_modules/viem/_types/actions/public/estimateContractGas.d.ts(42,163): error TS1005: ';' expected.
node_modules/viem/_types/actions/public/estimateContractGas.d.ts(42,191): error TS1005: ';' expected.
node_modules/viem/_types/actions/public/estimateContractGas.d.ts(42,210): error TS1005: ')' expected.
node_modules/viem/_types/actions/public/estimateContractGas.d.ts(42,297): error TS1005: ';' expected.
node_modules/viem/_types/actions/public/estimateContractGas.d.ts(42,367): error TS1005: ';' expected.
node_modules/viem/_types/actions/public/estimateContractGas.d.ts(42,368): error TS1128: Declaration or statement expected.
node_modules/viem/_types/actions/public/getContractEvents.d.ts(65,77): error TS1139: Type parameter declaration expected.
node_modules/viem/_types/actions/public/getContractEvents.d.ts(65,88): error TS1005: ',' expected.
node_modules/viem/_types/actions/public/getContractEvents.d.ts(65,100): error TS1005: ',' expected.
node_modules/viem/_types/actions/public/getContractEvents.d.ts(65,111): error TS1005: ';' expected.
node_modules/viem/_types/actions/public/getContractEvents.d.ts(65,119): error TS1011: An element access expression should take an argument.
node_modules/viem/_types/actions/public/getContractEvents.d.ts(65,133): error TS1005: ';' expected.
node_modules/viem/_types/actions/public/getContractEvents.d.ts(65,160): error TS1005: ';' expected.
node_modules/viem/_types/actions/public/getContractEvents.d.ts(65,181): error TS1005: ';' expected.
node_modules/viem/_types/actions/public/getContractEvents.d.ts(65,209): error TS1005: ';' expected.
node_modules/viem/_types/actions/public/getContractEvents.d.ts(65,233): error TS1005: ';' expected.
node_modules/viem/_types/actions/public/getContractEvents.d.ts(65,276): error TS1005: ';' expected.
node_modules/viem/_types/actions/public/getContractEvents.d.ts(65,298): error TS1005: ';' expected.
node_modules/viem/_types/actions/public/getContractEvents.d.ts(65,341): error TS1005: ';' expected.
node_modules/viem/_types/actions/public/getContractEvents.d.ts(65,360): error TS1005: ')' expected.
node_modules/viem/_types/actions/public/getContractEvents.d.ts(65,462): error TS1005: ';' expected.
node_modules/viem/_types/actions/public/getContractEvents.d.ts(65,540): error TS1005: ';' expected.
node_modules/viem/_types/actions/public/getContractEvents.d.ts(65,541): error TS1128: Declaration or statement expected.
node_modules/viem/_types/actions/public/getFilterChanges.d.ts(100,138): error TS1139: Type parameter declaration expected.
node_modules/viem/_types/actions/public/getFilterChanges.d.ts(100,149): error TS1005: ',' expected.
node_modules/viem/_types/actions/public/getFilterChanges.d.ts(100,161): error TS1005: ',' expected.
node_modules/viem/_types/actions/public/getFilterChanges.d.ts(100,172): error TS1005: ';' expected.
node_modules/viem/_types/actions/public/getFilterChanges.d.ts(100,180): error TS1011: An element access expression should take an argument.
node_modules/viem/_types/actions/public/getFilterChanges.d.ts(100,206): error TS1005: ';' expected.
node_modules/viem/_types/actions/public/getFilterChanges.d.ts(100,242): error TS1005: ';' expected.
node_modules/viem/_types/actions/public/getFilterChanges.d.ts(100,270): error TS1005: ';' expected.
node_modules/viem/_types/actions/public/getFilterChanges.d.ts(100,294): error TS1005: ';' expected.
node_modules/viem/_types/actions/public/getFilterChanges.d.ts(100,337): error TS1005: ';' expected.
node_modules/viem/_types/actions/public/getFilterChanges.d.ts(100,359): error TS1005: ';' expected.
node_modules/viem/_types/actions/public/getFilterChanges.d.ts(100,402): error TS1005: ';' expected.
node_modules/viem/_types/actions/public/getFilterChanges.d.ts(100,422): error TS1005: ')' expected.
node_modules/viem/_types/actions/public/getFilterChanges.d.ts(100,463): error TS1005: ';' expected.
node_modules/viem/_types/actions/public/getFilterChanges.d.ts(100,553): error TS1005: ';' expected.
node_modules/viem/_types/actions/public/getFilterChanges.d.ts(100,554): error TS1128: Declaration or statement expected.
node_modules/viem/_types/actions/public/getFilterLogs.d.ts(44,73): error TS1139: Type parameter declaration expected.
node_modules/viem/_types/actions/public/getFilterLogs.d.ts(44,84): error TS1005: ',' expected.
node_modules/viem/_types/actions/public/getFilterLogs.d.ts(44,96): error TS1005: ',' expected.
node_modules/viem/_types/actions/public/getFilterLogs.d.ts(44,107): error TS1005: ';' expected.
node_modules/viem/_types/actions/public/getFilterLogs.d.ts(44,115): error TS1011: An element access expression should take an argument.
node_modules/viem/_types/actions/public/getFilterLogs.d.ts(44,141): error TS1005: ';' expected.
node_modules/viem/_types/actions/public/getFilterLogs.d.ts(44,177): error TS1005: ';' expected.
node_modules/viem/_types/actions/public/getFilterLogs.d.ts(44,205): error TS1005: ';' expected.
node_modules/viem/_types/actions/public/getFilterLogs.d.ts(44,229): error TS1005: ';' expected.
node_modules/viem/_types/actions/public/getFilterLogs.d.ts(44,272): error TS1005: ';' expected.
node_modules/viem/_types/actions/public/getFilterLogs.d.ts(44,294): error TS1005: ';' expected.
node_modules/viem/_types/actions/public/getFilterLogs.d.ts(44,337): error TS1005: ';' expected.
node_modules/viem/_types/actions/public/getFilterLogs.d.ts(44,357): error TS1005: ')' expected.
node_modules/viem/_types/actions/public/getFilterLogs.d.ts(44,397): error TS1005: ';' expected.
node_modules/viem/_types/actions/public/getFilterLogs.d.ts(44,471): error TS1005: ';' expected.
node_modules/viem/_types/actions/public/getFilterLogs.d.ts(44,472): error TS1128: Declaration or statement expected.
node_modules/viem/_types/actions/public/getLogs.d.ts(77,67): error TS1139: Type parameter declaration expected.
node_modules/viem/_types/actions/public/getLogs.d.ts(77,83): error TS1005: ',' expected.
node_modules/viem/_types/actions/public/getLogs.d.ts(77,100): error TS1005: ',' expected.
node_modules/viem/_types/actions/public/getLogs.d.ts(77,112): error TS1005: ';' expected.
node_modules/viem/_types/actions/public/getLogs.d.ts(77,125): error TS1109: Expression expected.
node_modules/viem/_types/actions/public/getLogs.d.ts(77,142): error TS1005: ',' expected.
node_modules/viem/_types/actions/public/getLogs.d.ts(77,159): error TS1005: ',' expected.
node_modules/viem/_types/actions/public/getLogs.d.ts(77,167): error TS1005: ',' expected.
node_modules/viem/_types/actions/public/getLogs.d.ts(77,170): error TS1005: ',' expected.
node_modules/viem/_types/actions/public/getLogs.d.ts(77,181): error TS1005: ';' expected.
node_modules/viem/_types/actions/public/getLogs.d.ts(77,189): error TS1011: An element access expression should take an argument.
node_modules/viem/_types/actions/public/getLogs.d.ts(77,203): error TS1005: ';' expected.
node_modules/viem/_types/actions/public/getLogs.d.ts(77,205): error TS1434: Unexpected keyword or identifier.
node_modules/viem/_types/actions/public/getLogs.d.ts(77,215): error TS1128: Declaration or statement expected.
node_modules/viem/_types/actions/public/getLogs.d.ts(77,267): error TS1005: ';' expected.
node_modules/viem/_types/actions/public/getLogs.d.ts(77,295): error TS1005: ';' expected.
node_modules/viem/_types/actions/public/getLogs.d.ts(77,319): error TS1005: ';' expected.
node_modules/viem/_types/actions/public/getLogs.d.ts(77,362): error TS1005: ';' expected.
node_modules/viem/_types/actions/public/getLogs.d.ts(77,384): error TS1005: ';' expected.
node_modules/viem/_types/actions/public/getLogs.d.ts(77,427): error TS1005: ';' expected.
node_modules/viem/_types/actions/public/getLogs.d.ts(77,446): error TS1005: ')' expected.
node_modules/viem/_types/actions/public/getLogs.d.ts(77,566): error TS1109: Expression expected.
node_modules/viem/_types/actions/public/getLogs.d.ts(77,639): error TS1005: ';' expected.
node_modules/viem/_types/actions/public/getLogs.d.ts(77,640): error TS1128: Declaration or statement expected.
node_modules/viem/_types/actions/public/readContract.d.ts(44,72): error TS1139: Type parameter declaration expected.
node_modules/viem/_types/actions/public/readContract.d.ts(44,83): error TS1005: ',' expected.
node_modules/viem/_types/actions/public/readContract.d.ts(44,95): error TS1005: ',' expected.
node_modules/viem/_types/actions/public/readContract.d.ts(44,106): error TS1005: ';' expected.
node_modules/viem/_types/actions/public/readContract.d.ts(44,114): error TS1011: An element access expression should take an argument.
node_modules/viem/_types/actions/public/readContract.d.ts(44,131): error TS1005: ';' expected.
node_modules/viem/_types/actions/public/readContract.d.ts(44,153): error TS1005: ')' expected.
node_modules/viem/_types/actions/public/readContract.d.ts(44,234): error TS1005: ';' expected.
node_modules/viem/_types/actions/public/readContract.d.ts(44,279): error TS1005: ';' expected.
node_modules/viem/_types/actions/public/readContract.d.ts(44,280): error TS1128: Declaration or statement expected.
node_modules/viem/_types/actions/public/simulateContract.d.ts(59,76): error TS1139: Type parameter declaration expected.
node_modules/viem/_types/actions/public/simulateContract.d.ts(59,87): error TS1005: ',' expected.
node_modules/viem/_types/actions/public/simulateContract.d.ts(59,99): error TS1005: ',' expected.
node_modules/viem/_types/actions/public/simulateContract.d.ts(59,110): error TS1005: ';' expected.
node_modules/viem/_types/actions/public/simulateContract.d.ts(59,118): error TS1011: An element access expression should take an argument.
node_modules/viem/_types/actions/public/simulateContract.d.ts(59,135): error TS1005: ';' expected.
node_modules/viem/_types/actions/public/simulateContract.d.ts(59,166): error TS1005: ';' expected.
node_modules/viem/_types/actions/public/simulateContract.d.ts(59,192): error TS1005: ';' expected.
node_modules/viem/_types/actions/public/simulateContract.d.ts(59,211): error TS1005: ')' expected.
node_modules/viem/_types/actions/public/simulateContract.d.ts(59,304): error TS1005: ';' expected.
node_modules/viem/_types/actions/public/simulateContract.d.ts(59,377): error TS1005: ';' expected.
node_modules/viem/_types/actions/public/simulateContract.d.ts(59,378): error TS1128: Declaration or statement expected.
node_modules/viem/_types/actions/public/watchContractEvent.d.ts(91,78): error TS1139: Type parameter declaration expected.
node_modules/viem/_types/actions/public/watchContractEvent.d.ts(91,89): error TS1005: ',' expected.
node_modules/viem/_types/actions/public/watchContractEvent.d.ts(91,101): error TS1005: ',' expected.
node_modules/viem/_types/actions/public/watchContractEvent.d.ts(91,112): error TS1005: ';' expected.
node_modules/viem/_types/actions/public/watchContractEvent.d.ts(91,120): error TS1011: An element access expression should take an argument.
node_modules/viem/_types/actions/public/watchContractEvent.d.ts(91,134): error TS1005: ';' expected.
node_modules/viem/_types/actions/public/watchContractEvent.d.ts(91,158): error TS1005: ';' expected.
node_modules/viem/_types/actions/public/watchContractEvent.d.ts(91,186): error TS1005: ';' expected.
node_modules/viem/_types/actions/public/watchContractEvent.d.ts(91,205): error TS1005: ')' expected.
node_modules/viem/_types/actions/public/watchContractEvent.d.ts(91,339): error TS1005: ';' expected.
node_modules/viem/_types/actions/public/watchContractEvent.d.ts(91,396): error TS1005: ';' expected.
node_modules/viem/_types/actions/public/watchContractEvent.d.ts(91,397): error TS1128: Declaration or statement expected.
node_modules/viem/_types/actions/public/watchEvent.d.ts(106,70): error TS1139: Type parameter declaration expected.
node_modules/viem/_types/actions/public/watchEvent.d.ts(106,86): error TS1005: ',' expected.
node_modules/viem/_types/actions/public/watchEvent.d.ts(106,103): error TS1005: ',' expected.
node_modules/viem/_types/actions/public/watchEvent.d.ts(106,115): error TS1005: ';' expected.
node_modules/viem/_types/actions/public/watchEvent.d.ts(106,128): error TS1109: Expression expected.
node_modules/viem/_types/actions/public/watchEvent.d.ts(106,145): error TS1005: ',' expected.
node_modules/viem/_types/actions/public/watchEvent.d.ts(106,162): error TS1005: ',' expected.
node_modules/viem/_types/actions/public/watchEvent.d.ts(106,170): error TS1005: ',' expected.
node_modules/viem/_types/actions/public/watchEvent.d.ts(106,173): error TS1005: ',' expected.
node_modules/viem/_types/actions/public/watchEvent.d.ts(106,184): error TS1005: ';' expected.
node_modules/viem/_types/actions/public/watchEvent.d.ts(106,192): error TS1011: An element access expression should take an argument.
node_modules/viem/_types/actions/public/watchEvent.d.ts(106,206): error TS1005: ';' expected.
node_modules/viem/_types/actions/public/watchEvent.d.ts(106,208): error TS1434: Unexpected keyword or identifier.
node_modules/viem/_types/actions/public/watchEvent.d.ts(106,218): error TS1128: Declaration or statement expected.
node_modules/viem/_types/actions/public/watchEvent.d.ts(106,270): error TS1005: ';' expected.
node_modules/viem/_types/actions/public/watchEvent.d.ts(106,298): error TS1005: ';' expected.
node_modules/viem/_types/actions/public/watchEvent.d.ts(106,322): error TS1005: ';' expected.
node_modules/viem/_types/actions/public/watchEvent.d.ts(106,349): error TS1005: ';' expected.
node_modules/viem/_types/actions/public/watchEvent.d.ts(106,368): error TS1005: ')' expected.
node_modules/viem/_types/actions/public/watchEvent.d.ts(106,501): error TS1005: ';' expected.
node_modules/viem/_types/actions/public/watchEvent.d.ts(106,555): error TS1005: ';' expected.
node_modules/viem/_types/actions/public/watchEvent.d.ts(106,556): error TS1128: Declaration or statement expected.
node_modules/viem/_types/actions/wallet/deployContract.d.ts(45,40): error TS1139: Type parameter declaration expected.
node_modules/viem/_types/actions/wallet/deployContract.d.ts(45,51): error TS1005: ',' expected.
node_modules/viem/_types/actions/wallet/deployContract.d.ts(45,63): error TS1005: ',' expected.
node_modules/viem/_types/actions/wallet/deployContract.d.ts(45,74): error TS1005: ';' expected.
node_modules/viem/_types/actions/wallet/deployContract.d.ts(45,82): error TS1011: An element access expression should take an argument.
node_modules/viem/_types/actions/wallet/deployContract.d.ts(45,92): error TS1005: ';' expected.
node_modules/viem/_types/actions/wallet/deployContract.d.ts(45,128): error TS1005: ';' expected.
node_modules/viem/_types/actions/wallet/deployContract.d.ts(45,172): error TS1005: ';' expected.
node_modules/viem/_types/actions/wallet/deployContract.d.ts(45,198): error TS1005: ';' expected.
node_modules/viem/_types/actions/wallet/deployContract.d.ts(45,223): error TS1005: ')' expected.
node_modules/viem/_types/actions/wallet/deployContract.d.ts(45,297): error TS1005: ';' expected.
node_modules/viem/_types/actions/wallet/deployContract.d.ts(45,363): error TS1005: ';' expected.
node_modules/viem/_types/actions/wallet/deployContract.d.ts(45,364): error TS1128: Declaration or statement expected.
node_modules/viem/_types/actions/wallet/signTypedData.d.ts(120,39): error TS1139: Type parameter declaration expected.
node_modules/viem/_types/actions/wallet/signTypedData.d.ts(120,56): error TS1005: ',' expected.
node_modules/viem/_types/actions/wallet/signTypedData.d.ts(120,74): error TS1005: ',' expected.
node_modules/viem/_types/actions/wallet/signTypedData.d.ts(121,9): error TS1005: ']' expected.
node_modules/viem/_types/actions/wallet/signTypedData.d.ts(121,17): error TS1005: ',' expected.
node_modules/viem/_types/actions/wallet/signTypedData.d.ts(121,18): error TS1136: Property assignment expected.
node_modules/viem/_types/actions/wallet/signTypedData.d.ts(121,27): error TS1005: ',' expected.
node_modules/viem/_types/actions/wallet/signTypedData.d.ts(122,17): error TS1005: ';' expected.
node_modules/viem/_types/actions/wallet/signTypedData.d.ts(122,40): error TS1005: ';' expected.
node_modules/viem/_types/actions/wallet/signTypedData.d.ts(122,76): error TS1005: ';' expected.
node_modules/viem/_types/actions/wallet/signTypedData.d.ts(122,111): error TS1005: ')' expected.
node_modules/viem/_types/actions/wallet/signTypedData.d.ts(122,217): error TS1005: ';' expected.
node_modules/viem/_types/actions/wallet/signTypedData.d.ts(122,278): error TS1005: ';' expected.
node_modules/viem/_types/actions/wallet/signTypedData.d.ts(122,279): error TS1128: Declaration or statement expected.
node_modules/viem/_types/actions/wallet/writeContract.d.ts(71,111): error TS1139: Type parameter declaration expected.
node_modules/viem/_types/actions/wallet/writeContract.d.ts(71,122): error TS1005: ',' expected.
node_modules/viem/_types/actions/wallet/writeContract.d.ts(71,134): error TS1005: ',' expected.
node_modules/viem/_types/actions/wallet/writeContract.d.ts(71,145): error TS1005: ';' expected.
node_modules/viem/_types/actions/wallet/writeContract.d.ts(71,153): error TS1011: An element access expression should take an argument.
node_modules/viem/_types/actions/wallet/writeContract.d.ts(71,170): error TS1005: ';' expected.
node_modules/viem/_types/actions/wallet/writeContract.d.ts(71,201): error TS1005: ';' expected.
node_modules/viem/_types/actions/wallet/writeContract.d.ts(71,227): error TS1005: ';' expected.
node_modules/viem/_types/actions/wallet/writeContract.d.ts(71,246): error TS1005: ')' expected.
node_modules/viem/_types/actions/wallet/writeContract.d.ts(71,345): error TS1005: ';' expected.
node_modules/viem/_types/actions/wallet/writeContract.d.ts(71,425): error TS1005: ';' expected.
node_modules/viem/_types/actions/wallet/writeContract.d.ts(71,426): error TS1128: Declaration or statement expected.
node_modules/viem/_types/clients/createClient.d.ts(43,14): error TS1139: Type parameter declaration expected.
node_modules/viem/_types/clients/createClient.d.ts(43,20): error TS1005: ';' expected.
node_modules/viem/_types/clients/createClient.d.ts(43,27): error TS1128: Declaration or statement expected.
node_modules/viem/_types/clients/createClient.d.ts(43,85): error TS1005: ')' expected.
node_modules/viem/_types/clients/createClient.d.ts(43,161): error TS1005: ';' expected.
node_modules/viem/_types/clients/createClient.d.ts(43,163): error TS1128: Declaration or statement expected.
node_modules/viem/_types/clients/createClient.d.ts(44,1): error TS1128: Declaration or statement expected.
node_modules/viem/_types/clients/decorators/public.d.ts(121,33): error TS1139: Type parameter declaration expected.
node_modules/viem/_types/clients/decorators/public.d.ts(121,39): error TS1005: ';' expected.
node_modules/viem/_types/clients/decorators/public.d.ts(121,44): error TS1128: Declaration or statement expected.
node_modules/viem/_types/clients/decorators/public.d.ts(121,67): error TS1005: ';' expected.
node_modules/viem/_types/clients/decorators/public.d.ts(121,75): error TS1011: An element access expression should take an argument.
node_modules/viem/_types/clients/decorators/public.d.ts(121,89): error TS1005: ';' expected.
node_modules/viem/_types/clients/decorators/public.d.ts(121,123): error TS1005: ';' expected.
node_modules/viem/_types/clients/decorators/public.d.ts(121,199): error TS1005: ';' expected.
node_modules/viem/_types/clients/decorators/public.d.ts(121,227): error TS1005: ';' expected.
node_modules/viem/_types/clients/decorators/public.d.ts(121,251): error TS1005: ';' expected.
node_modules/viem/_types/clients/decorators/public.d.ts(121,294): error TS1005: ';' expected.
node_modules/viem/_types/clients/decorators/public.d.ts(121,316): error TS1005: ';' expected.
node_modules/viem/_types/clients/decorators/public.d.ts(121,359): error TS1005: ';' expected.
node_modules/viem/_types/clients/decorators/public.d.ts(121,376): error TS1005: ')' expected.
node_modules/viem/_types/clients/decorators/public.d.ts(121,469): error TS1005: ';' expected.
node_modules/viem/_types/clients/decorators/public.d.ts(121,471): error TS1128: Declaration or statement expected.
node_modules/viem/_types/clients/decorators/public.d.ts(143,31): error TS1005: '>' expected.
node_modules/viem/_types/clients/decorators/public.d.ts(143,41): error TS1005: ';' expected.
node_modules/viem/_types/clients/decorators/public.d.ts(143,70): error TS1005: ';' expected.
node_modules/viem/_types/clients/decorators/public.d.ts(143,83): error TS1109: Expression expected.
node_modules/viem/_types/clients/decorators/public.d.ts(143,100): error TS1005: ',' expected.
node_modules/viem/_types/clients/decorators/public.d.ts(143,117): error TS1005: ',' expected.
node_modules/viem/_types/clients/decorators/public.d.ts(143,125): error TS1005: ',' expected.
node_modules/viem/_types/clients/decorators/public.d.ts(143,128): error TS1005: ',' expected.
node_modules/viem/_types/clients/decorators/public.d.ts(143,139): error TS1005: ';' expected.
node_modules/viem/_types/clients/decorators/public.d.ts(143,147): error TS1011: An element access expression should take an argument.
node_modules/viem/_types/clients/decorators/public.d.ts(143,161): error TS1005: ';' expected.
node_modules/viem/_types/clients/decorators/public.d.ts(143,163): error TS1434: Unexpected keyword or identifier.
node_modules/viem/_types/clients/decorators/public.d.ts(143,173): error TS1128: Declaration or statement expected.
node_modules/viem/_types/clients/decorators/public.d.ts(143,225): error TS1005: ';' expected.
node_modules/viem/_types/clients/decorators/public.d.ts(143,253): error TS1005: ';' expected.
node_modules/viem/_types/clients/decorators/public.d.ts(143,277): error TS1005: ';' expected.
node_modules/viem/_types/clients/decorators/public.d.ts(143,320): error TS1005: ';' expected.
node_modules/viem/_types/clients/decorators/public.d.ts(143,342): error TS1005: ';' expected.
node_modules/viem/_types/clients/decorators/public.d.ts(143,385): error TS1005: ';' expected.
node_modules/viem/_types/clients/decorators/public.d.ts(143,409): error TS1005: ';' expected.
node_modules/viem/_types/clients/decorators/public.d.ts(143,436): error TS1005: ';' expected.
node_modules/viem/_types/clients/decorators/public.d.ts(143,474): error TS1005: ';' expected.
node_modules/viem/_types/clients/decorators/public.d.ts(143,547): error TS1005: ';' expected.
node_modules/viem/_types/clients/decorators/public.d.ts(143,565): error TS1109: Expression expected.
node_modules/viem/_types/clients/decorators/public.d.ts(143,669): error TS1005: ';' expected.
node_modules/viem/_types/clients/decorators/public.d.ts(190,59): error TS1005: '?' expected.
node_modules/viem/_types/clients/decorators/public.d.ts(190,61): error TS1109: Expression expected.
node_modules/viem/_types/clients/decorators/public.d.ts(190,72): error TS1005: ',' expected.
node_modules/viem/_types/clients/decorators/public.d.ts(190,84): error TS1005: ',' expected.
node_modules/viem/_types/clients/decorators/public.d.ts(190,95): error TS1005: ';' expected.
node_modules/viem/_types/clients/decorators/public.d.ts(190,103): error TS1011: An element access expression should take an argument.
node_modules/viem/_types/clients/decorators/public.d.ts(190,120): error TS1005: ';' expected.
node_modules/viem/_types/clients/decorators/public.d.ts(190,140): error TS1005: ')' expected.
node_modules/viem/_types/clients/decorators/public.d.ts(190,210): error TS1005: ';' expected.
node_modules/viem/_types/clients/decorators/public.d.ts(190,212): error TS1128: Declaration or statement expected.
node_modules/viem/_types/clients/decorators/public.d.ts(384,31): error TS1005: '>' expected.
node_modules/viem/_types/clients/decorators/public.d.ts(384,36): error TS1005: ';' expected.
node_modules/viem/_types/clients/decorators/public.d.ts(384,59): error TS1005: ';' expected.
node_modules/viem/_types/clients/decorators/public.d.ts(384,67): error TS1011: An element access expression should take an argument.
node_modules/viem/_types/clients/decorators/public.d.ts(384,81): error TS1005: ';' expected.
node_modules/viem/_types/clients/decorators/public.d.ts(384,108): error TS1005: ';' expected.
node_modules/viem/_types/clients/decorators/public.d.ts(384,129): error TS1005: ';' expected.
node_modules/viem/_types/clients/decorators/public.d.ts(384,157): error TS1005: ';' expected.
node_modules/viem/_types/clients/decorators/public.d.ts(384,181): error TS1005: ';' expected.
node_modules/viem/_types/clients/decorators/public.d.ts(384,224): error TS1005: ';' expected.
node_modules/viem/_types/clients/decorators/public.d.ts(384,246): error TS1005: ';' expected.
node_modules/viem/_types/clients/decorators/public.d.ts(384,289): error TS1005: ';' expected.
node_modules/viem/_types/clients/decorators/public.d.ts(384,306): error TS1005: ')' expected.
node_modules/viem/_types/clients/decorators/public.d.ts(384,384): error TS1005: ';' expected.
node_modules/viem/_types/clients/decorators/public.d.ts(384,386): error TS1128: Declaration or statement expected.
node_modules/viem/_types/clients/decorators/public.d.ts(651,54): error TS1005: '?' expected.
node_modules/viem/_types/clients/decorators/public.d.ts(651,56): error TS1109: Expression expected.
node_modules/viem/_types/clients/decorators/public.d.ts(651,67): error TS1005: ',' expected.
node_modules/viem/_types/clients/decorators/public.d.ts(651,79): error TS1005: ',' expected.
node_modules/viem/_types/clients/decorators/public.d.ts(651,90): error TS1005: ';' expected.
node_modules/viem/_types/clients/decorators/public.d.ts(651,98): error TS1011: An element access expression should take an argument.
node_modules/viem/_types/clients/decorators/public.d.ts(651,124): error TS1005: ';' expected.
node_modules/viem/_types/clients/decorators/public.d.ts(651,160): error TS1005: ';' expected.
node_modules/viem/_types/clients/decorators/public.d.ts(651,188): error TS1005: ';' expected.
node_modules/viem/_types/clients/decorators/public.d.ts(651,212): error TS1005: ';' expected.
node_modules/viem/_types/clients/decorators/public.d.ts(651,255): error TS1005: ';' expected.
node_modules/viem/_types/clients/decorators/public.d.ts(651,277): error TS1005: ';' expected.
node_modules/viem/_types/clients/decorators/public.d.ts(651,320): error TS1005: ';' expected.
node_modules/viem/_types/clients/decorators/public.d.ts(651,337): error TS1005: ')' expected.
node_modules/viem/_types/clients/decorators/public.d.ts(651,427): error TS1005: ';' expected.
node_modules/viem/_types/clients/decorators/public.d.ts(651,429): error TS1128: Declaration or statement expected.
node_modules/viem/_types/clients/decorators/public.d.ts(678,27): error TS1005: '>' expected.
node_modules/viem/_types/clients/decorators/public.d.ts(678,32): error TS1005: ';' expected.
node_modules/viem/_types/clients/decorators/public.d.ts(678,55): error TS1005: ';' expected.
node_modules/viem/_types/clients/decorators/public.d.ts(678,63): error TS1011: An element access expression should take an argument.
node_modules/viem/_types/clients/decorators/public.d.ts(678,89): error TS1005: ';' expected.
node_modules/viem/_types/clients/decorators/public.d.ts(678,125): error TS1005: ';' expected.
node_modules/viem/_types/clients/decorators/public.d.ts(678,153): error TS1005: ';' expected.
node_modules/viem/_types/clients/decorators/public.d.ts(678,177): error TS1005: ';' expected.
node_modules/viem/_types/clients/decorators/public.d.ts(678,220): error TS1005: ';' expected.
node_modules/viem/_types/clients/decorators/public.d.ts(678,242): error TS1005: ';' expected.
node_modules/viem/_types/clients/decorators/public.d.ts(678,285): error TS1005: ';' expected.
node_modules/viem/_types/clients/decorators/public.d.ts(678,302): error TS1005: ')' expected.
node_modules/viem/_types/clients/decorators/public.d.ts(678,376): error TS1005: ';' expected.
node_modules/viem/_types/clients/decorators/public.d.ts(678,378): error TS1128: Declaration or statement expected.
node_modules/viem/_types/clients/decorators/public.d.ts(718,21): error TS1005: '>' expected.
node_modules/viem/_types/clients/decorators/public.d.ts(718,31): error TS1005: ';' expected.
node_modules/viem/_types/clients/decorators/public.d.ts(718,60): error TS1005: ';' expected.
node_modules/viem/_types/clients/decorators/public.d.ts(718,73): error TS1109: Expression expected.
node_modules/viem/_types/clients/decorators/public.d.ts(718,90): error TS1005: ',' expected.
node_modules/viem/_types/clients/decorators/public.d.ts(718,107): error TS1005: ',' expected.
node_modules/viem/_types/clients/decorators/public.d.ts(718,115): error TS1005: ',' expected.
node_modules/viem/_types/clients/decorators/public.d.ts(718,118): error TS1005: ',' expected.
node_modules/viem/_types/clients/decorators/public.d.ts(718,129): error TS1005: ';' expected.
node_modules/viem/_types/clients/decorators/public.d.ts(718,137): error TS1011: An element access expression should take an argument.
node_modules/viem/_types/clients/decorators/public.d.ts(718,151): error TS1005: ';' expected.
node_modules/viem/_types/clients/decorators/public.d.ts(718,153): error TS1434: Unexpected keyword or identifier.
node_modules/viem/_types/clients/decorators/public.d.ts(718,163): error TS1128: Declaration or statement expected.
node_modules/viem/_types/clients/decorators/public.d.ts(718,215): error TS1005: ';' expected.
node_modules/viem/_types/clients/decorators/public.d.ts(718,243): error TS1005: ';' expected.
node_modules/viem/_types/clients/decorators/public.d.ts(718,267): error TS1005: ';' expected.
node_modules/viem/_types/clients/decorators/public.d.ts(718,310): error TS1005: ';' expected.
node_modules/viem/_types/clients/decorators/public.d.ts(718,332): error TS1005: ';' expected.
node_modules/viem/_types/clients/decorators/public.d.ts(718,375): error TS1005: ';' expected.
node_modules/viem/_types/clients/decorators/public.d.ts(718,393): error TS1109: Expression expected.
node_modules/viem/_types/clients/decorators/public.d.ts(718,468): error TS1005: ';' expected.
node_modules/viem/_types/clients/decorators/public.d.ts(988,26): error TS1005: '>' expected.
node_modules/viem/_types/clients/decorators/public.d.ts(988,31): error TS1005: ';' expected.
node_modules/viem/_types/clients/decorators/public.d.ts(988,54): error TS1005: ';' expected.
node_modules/viem/_types/clients/decorators/public.d.ts(988,62): error TS1011: An element access expression should take an argument.
node_modules/viem/_types/clients/decorators/public.d.ts(988,79): error TS1005: ';' expected.
node_modules/viem/_types/clients/decorators/public.d.ts(988,99): error TS1005: ')' expected.
node_modules/viem/_types/clients/decorators/public.d.ts(988,144): error TS1005: ';' expected.
node_modules/viem/_types/clients/decorators/public.d.ts(988,146): error TS1128: Declaration or statement expected.
node_modules/viem/_types/clients/decorators/public.d.ts(1044,30): error TS1005: '>' expected.
node_modules/viem/_types/clients/decorators/public.d.ts(1044,35): error TS1005: ';' expected.
node_modules/viem/_types/clients/decorators/public.d.ts(1044,58): error TS1005: ';' expected.
node_modules/viem/_types/clients/decorators/public.d.ts(1044,66): error TS1011: An element access expression should take an argument.
node_modules/viem/_types/clients/decorators/public.d.ts(1044,83): error TS1005: ';' expected.
node_modules/viem/_types/clients/decorators/public.d.ts(1044,114): error TS1005: ';' expected.
node_modules/viem/_types/clients/decorators/public.d.ts(1044,140): error TS1005: ';' expected.
node_modules/viem/_types/clients/decorators/public.d.ts(1044,157): error TS1005: ')' expected.
node_modules/viem/_types/clients/decorators/public.d.ts(1044,230): error TS1005: ';' expected.
node_modules/viem/_types/clients/decorators/public.d.ts(1044,232): error TS1128: Declaration or statement expected.
node_modules/viem/_types/clients/decorators/public.d.ts(1188,32): error TS1005: '>' expected.
node_modules/viem/_types/clients/decorators/public.d.ts(1188,37): error TS1005: ';' expected.
node_modules/viem/_types/clients/decorators/public.d.ts(1188,60): error TS1005: ';' expected.
node_modules/viem/_types/clients/decorators/public.d.ts(1188,68): error TS1011: An element access expression should take an argument.
node_modules/viem/_types/clients/decorators/public.d.ts(1188,82): error TS1005: ';' expected.
node_modules/viem/_types/clients/decorators/public.d.ts(1188,106): error TS1005: ';' expected.
node_modules/viem/_types/clients/decorators/public.d.ts(1188,134): error TS1005: ';' expected.
node_modules/viem/_types/clients/decorators/public.d.ts(1188,151): error TS1005: ')' expected.
node_modules/viem/_types/clients/decorators/public.d.ts(1188,208): error TS1005: ';' expected.
node_modules/viem/_types/clients/decorators/public.d.ts(1188,210): error TS1128: Declaration or statement expected.
node_modules/viem/_types/clients/decorators/public.d.ts(1220,24): error TS1005: '>' expected.
node_modules/viem/_types/clients/decorators/public.d.ts(1220,34): error TS1005: ';' expected.
node_modules/viem/_types/clients/decorators/public.d.ts(1220,63): error TS1005: ';' expected.
node_modules/viem/_types/clients/decorators/public.d.ts(1220,76): error TS1109: Expression expected.
node_modules/viem/_types/clients/decorators/public.d.ts(1220,93): error TS1005: ',' expected.
node_modules/viem/_types/clients/decorators/public.d.ts(1220,110): error TS1005: ',' expected.
node_modules/viem/_types/clients/decorators/public.d.ts(1220,118): error TS1005: ',' expected.
node_modules/viem/_types/clients/decorators/public.d.ts(1220,121): error TS1005: ',' expected.
node_modules/viem/_types/clients/decorators/public.d.ts(1220,132): error TS1005: ';' expected.
node_modules/viem/_types/clients/decorators/public.d.ts(1220,140): error TS1011: An element access expression should take an argument.
node_modules/viem/_types/clients/decorators/public.d.ts(1220,154): error TS1005: ';' expected.
node_modules/viem/_types/clients/decorators/public.d.ts(1220,156): error TS1434: Unexpected keyword or identifier.
node_modules/viem/_types/clients/decorators/public.d.ts(1220,166): error TS1128: Declaration or statement expected.
node_modules/viem/_types/clients/decorators/public.d.ts(1220,218): error TS1005: ';' expected.
node_modules/viem/_types/clients/decorators/public.d.ts(1220,246): error TS1005: ';' expected.
node_modules/viem/_types/clients/decorators/public.d.ts(1220,263): error TS1005: ')' expected.
node_modules/viem/_types/clients/decorators/public.d.ts(1220,317): error TS1005: ';' expected.
node_modules/viem/_types/clients/decorators/public.d.ts(1220,319): error TS1128: Declaration or statement expected.
node_modules/viem/_types/clients/decorators/public.d.ts(1250,1): error TS1128: Declaration or statement expected.
node_modules/viem/_types/clients/decorators/wallet.d.ts(66,22): error TS1139: Type parameter declaration expected.
node_modules/viem/_types/clients/decorators/wallet.d.ts(66,28): error TS1005: ';' expected.
node_modules/viem/_types/clients/decorators/wallet.d.ts(66,33): error TS1128: Declaration or statement expected.
node_modules/viem/_types/clients/decorators/wallet.d.ts(66,56): error TS1005: ';' expected.
node_modules/viem/_types/clients/decorators/wallet.d.ts(66,64): error TS1011: An element access expression should take an argument.
node_modules/viem/_types/clients/decorators/wallet.d.ts(66,82): error TS1005: ';' expected.
node_modules/viem/_types/clients/decorators/wallet.d.ts(66,108): error TS1005: ';' expected.
node_modules/viem/_types/clients/decorators/wallet.d.ts(66,125): error TS1005: ')' expected.
node_modules/viem/_types/clients/decorators/wallet.d.ts(66,191): error TS1005: ';' expected.
node_modules/viem/_types/clients/decorators/wallet.d.ts(66,193): error TS1128: Declaration or statement expected.
node_modules/viem/_types/clients/decorators/wallet.d.ts(461,27): error TS1005: '>' expected.
node_modules/viem/_types/clients/decorators/wallet.d.ts(461,38): error TS1005: ';' expected.
node_modules/viem/_types/clients/decorators/wallet.d.ts(462,13): error TS1005: ']' expected.
node_modules/viem/_types/clients/decorators/wallet.d.ts(462,21): error TS1005: ',' expected.
node_modules/viem/_types/clients/decorators/wallet.d.ts(462,22): error TS1136: Property assignment expected.
node_modules/viem/_types/clients/decorators/wallet.d.ts(462,31): error TS1005: ',' expected.
node_modules/viem/_types/clients/decorators/wallet.d.ts(463,21): error TS1005: ';' expected.
node_modules/viem/_types/clients/decorators/wallet.d.ts(463,41): error TS1005: ')' expected.
node_modules/viem/_types/clients/decorators/wallet.d.ts(463,102): error TS1005: ';' expected.
node_modules/viem/_types/clients/decorators/wallet.d.ts(463,104): error TS1128: Declaration or statement expected.
node_modules/viem/_types/clients/decorators/wallet.d.ts(557,27): error TS1005: '>' expected.
node_modules/viem/_types/clients/decorators/wallet.d.ts(557,32): error TS1005: ';' expected.
node_modules/viem/_types/clients/decorators/wallet.d.ts(557,55): error TS1005: ';' expected.
node_modules/viem/_types/clients/decorators/wallet.d.ts(557,63): error TS1011: An element access expression should take an argument.
node_modules/viem/_types/clients/decorators/wallet.d.ts(557,80): error TS1005: ';' expected.
node_modules/viem/_types/clients/decorators/wallet.d.ts(557,111): error TS1005: ';' expected.
node_modules/viem/_types/clients/decorators/wallet.d.ts(557,137): error TS1005: ';' expected.
node_modules/viem/_types/clients/decorators/wallet.d.ts(557,154): error TS1005: ')' expected.
node_modules/viem/_types/clients/decorators/wallet.d.ts(557,234): error TS1005: ';' expected.
node_modules/viem/_types/clients/decorators/wallet.d.ts(557,236): error TS1128: Declaration or statement expected.
node_modules/viem/_types/clients/decorators/wallet.d.ts(558,1): error TS1128: Declaration or statement expected.
node_modules/viem/_types/utils/abi/decodeAbiParameters.d.ts(13,45): error TS1139: Type parameter declaration expected.
node_modules/viem/_types/utils/abi/decodeAbiParameters.d.ts(13,59): error TS1005: ',' expected.
node_modules/viem/_types/utils/abi/decodeAbiParameters.d.ts(13,76): error TS1005: ',' expected.
node_modules/viem/_types/utils/abi/decodeAbiParameters.d.ts(13,88): error TS1005: ',' expected.
node_modules/viem/_types/utils/abi/decodeAbiParameters.d.ts(13,91): error TS1005: ',' expected.
node_modules/viem/_types/utils/abi/decodeAbiParameters.d.ts(13,102): error TS1005: ';' expected.
node_modules/viem/_types/utils/abi/decodeAbiParameters.d.ts(13,110): error TS1011: An element access expression should take an argument.
node_modules/viem/_types/utils/abi/decodeAbiParameters.d.ts(13,119): error TS1005: ')' expected.
node_modules/viem/_types/utils/abi/decodeAbiParameters.d.ts(13,134): error TS1005: ';' expected.
node_modules/viem/_types/utils/abi/decodeAbiParameters.d.ts(13,136): error TS1434: Unexpected keyword or identifier.
node_modules/viem/_types/utils/abi/decodeAbiParameters.d.ts(13,139): error TS1128: Declaration or statement expected.
node_modules/viem/_types/utils/abi/decodeAbiParameters.d.ts(13,140): error TS1128: Declaration or statement expected.
node_modules/viem/_types/utils/abi/decodeDeployData.d.ts(16,42): error TS1139: Type parameter declaration expected.
node_modules/viem/_types/utils/abi/decodeDeployData.d.ts(16,53): error TS1005: ',' expected.
node_modules/viem/_types/utils/abi/decodeDeployData.d.ts(16,65): error TS1005: ',' expected.
node_modules/viem/_types/utils/abi/decodeDeployData.d.ts(16,76): error TS1005: ';' expected.
node_modules/viem/_types/utils/abi/decodeDeployData.d.ts(16,84): error TS1011: An element access expression should take an argument.
node_modules/viem/_types/utils/abi/decodeDeployData.d.ts(16,111): error TS1005: ')' expected.
node_modules/viem/_types/utils/abi/decodeDeployData.d.ts(16,145): error TS1005: ';' expected.
node_modules/viem/_types/utils/abi/decodeDeployData.d.ts(16,146): error TS1128: Declaration or statement expected.
node_modules/viem/_types/utils/abi/decodeErrorResult.d.ts(21,43): error TS1139: Type parameter declaration expected.
node_modules/viem/_types/utils/abi/decodeErrorResult.d.ts(21,54): error TS1005: ',' expected.
node_modules/viem/_types/utils/abi/decodeErrorResult.d.ts(21,66): error TS1005: ',' expected.
node_modules/viem/_types/utils/abi/decodeErrorResult.d.ts(21,77): error TS1005: ';' expected.
node_modules/viem/_types/utils/abi/decodeErrorResult.d.ts(21,85): error TS1011: An element access expression should take an argument.
node_modules/viem/_types/utils/abi/decodeErrorResult.d.ts(21,102): error TS1005: ')' expected.
node_modules/viem/_types/utils/abi/decodeErrorResult.d.ts(21,137): error TS1005: ';' expected.
node_modules/viem/_types/utils/abi/decodeErrorResult.d.ts(21,138): error TS1128: Declaration or statement expected.
node_modules/viem/_types/utils/abi/decodeEventLog.d.ts(25,40): error TS1139: Type parameter declaration expected.
node_modules/viem/_types/utils/abi/decodeEventLog.d.ts(25,51): error TS1005: ',' expected.
node_modules/viem/_types/utils/abi/decodeEventLog.d.ts(25,63): error TS1005: ',' expected.
node_modules/viem/_types/utils/abi/decodeEventLog.d.ts(25,74): error TS1005: ';' expected.
node_modules/viem/_types/utils/abi/decodeEventLog.d.ts(25,82): error TS1011: An element access expression should take an argument.
node_modules/viem/_types/utils/abi/decodeEventLog.d.ts(25,96): error TS1005: ';' expected.
node_modules/viem/_types/utils/abi/decodeEventLog.d.ts(25,123): error TS1005: ';' expected.
node_modules/viem/_types/utils/abi/decodeEventLog.d.ts(25,144): error TS1005: ';' expected.
node_modules/viem/_types/utils/abi/decodeEventLog.d.ts(25,156): error TS1011: An element access expression should take an argument.
node_modules/viem/_types/utils/abi/decodeEventLog.d.ts(25,164): error TS1011: An element access expression should take an argument.
node_modules/viem/_types/utils/abi/decodeEventLog.d.ts(25,173): error TS1005: ';' expected.
node_modules/viem/_types/utils/abi/decodeEventLog.d.ts(25,197): error TS1005: ';' expected.
node_modules/viem/_types/utils/abi/decodeEventLog.d.ts(25,218): error TS1005: ';' expected.
node_modules/viem/_types/utils/abi/decodeEventLog.d.ts(25,281): error TS1005: ')' expected.
node_modules/viem/_types/utils/abi/decodeEventLog.d.ts(25,350): error TS1005: ';' expected.
node_modules/viem/_types/utils/abi/decodeEventLog.d.ts(25,351): error TS1128: Declaration or statement expected.
node_modules/viem/_types/utils/abi/decodeFunctionResult.d.ts(18,46): error TS1139: Type parameter declaration expected.
node_modules/viem/_types/utils/abi/decodeFunctionResult.d.ts(18,57): error TS1005: ',' expected.
node_modules/viem/_types/utils/abi/decodeFunctionResult.d.ts(18,69): error TS1005: ',' expected.
node_modules/viem/_types/utils/abi/decodeFunctionResult.d.ts(18,80): error TS1005: ';' expected.
node_modules/viem/_types/utils/abi/decodeFunctionResult.d.ts(18,88): error TS1011: An element access expression should take an argument.
node_modules/viem/_types/utils/abi/decodeFunctionResult.d.ts(18,105): error TS1005: ';' expected.
node_modules/viem/_types/utils/abi/decodeFunctionResult.d.ts(18,132): error TS1005: ';' expected.
node_modules/viem/_types/utils/abi/decodeFunctionResult.d.ts(18,179): error TS1005: ')' expected.
node_modules/viem/_types/utils/abi/decodeFunctionResult.d.ts(18,232): error TS1005: ';' expected.
node_modules/viem/_types/utils/abi/decodeFunctionResult.d.ts(18,233): error TS1128: Declaration or statement expected.
node_modules/viem/_types/utils/abi/encodeAbiParameters.d.ts(17,45): error TS1139: Type parameter declaration expected.
node_modules/viem/_types/utils/abi/encodeAbiParameters.d.ts(17,59): error TS1005: ',' expected.
node_modules/viem/_types/utils/abi/encodeAbiParameters.d.ts(17,76): error TS1005: ',' expected.
node_modules/viem/_types/utils/abi/encodeAbiParameters.d.ts(17,88): error TS1005: ',' expected.
node_modules/viem/_types/utils/abi/encodeAbiParameters.d.ts(17,91): error TS1005: ',' expected.
node_modules/viem/_types/utils/abi/encodeAbiParameters.d.ts(17,102): error TS1005: ';' expected.
node_modules/viem/_types/utils/abi/encodeAbiParameters.d.ts(17,110): error TS1011: An element access expression should take an argument.
node_modules/viem/_types/utils/abi/encodeAbiParameters.d.ts(17,119): error TS1005: ')' expected.
node_modules/viem/_types/utils/abi/encodeAbiParameters.d.ts(17,136): error TS1005: ';' expected.
node_modules/viem/_types/utils/abi/encodeAbiParameters.d.ts(17,138): error TS1434: Unexpected keyword or identifier.
node_modules/viem/_types/utils/abi/encodeAbiParameters.d.ts(17,146): error TS1128: Declaration or statement expected.
node_modules/viem/_types/utils/abi/encodeAbiParameters.d.ts(17,154): error TS1128: Declaration or statement expected.
node_modules/viem/_types/utils/abi/encodeAbiParameters.d.ts(17,176): error TS1011: An element access expression should take an argument.
node_modules/viem/_types/utils/abi/encodeAbiParameters.d.ts(17,226): error TS1005: ';' expected.
node_modules/viem/_types/utils/abi/encodeAbiParameters.d.ts(17,227): error TS1128: Declaration or statement expected.
node_modules/viem/_types/utils/abi/encodeDeployData.d.ts(13,42): error TS1139: Type parameter declaration expected.
node_modules/viem/_types/utils/abi/encodeDeployData.d.ts(13,53): error TS1005: ',' expected.
node_modules/viem/_types/utils/abi/encodeDeployData.d.ts(13,65): error TS1005: ',' expected.
node_modules/viem/_types/utils/abi/encodeDeployData.d.ts(13,76): error TS1005: ';' expected.
node_modules/viem/_types/utils/abi/encodeDeployData.d.ts(13,84): error TS1011: An element access expression should take an argument.
node_modules/viem/_types/utils/abi/encodeDeployData.d.ts(13,111): error TS1005: ')' expected.
node_modules/viem/_types/utils/abi/encodeDeployData.d.ts(13,145): error TS1005: ';' expected.
node_modules/viem/_types/utils/abi/encodeDeployData.d.ts(13,146): error TS1128: Declaration or statement expected.
node_modules/viem/_types/utils/abi/encodeErrorResult.d.ts(17,43): error TS1139: Type parameter declaration expected.
node_modules/viem/_types/utils/abi/encodeErrorResult.d.ts(17,54): error TS1005: ',' expected.
node_modules/viem/_types/utils/abi/encodeErrorResult.d.ts(17,66): error TS1005: ',' expected.
node_modules/viem/_types/utils/abi/encodeErrorResult.d.ts(17,77): error TS1005: ';' expected.
node_modules/viem/_types/utils/abi/encodeErrorResult.d.ts(17,85): error TS1011: An element access expression should take an argument.
node_modules/viem/_types/utils/abi/encodeErrorResult.d.ts(17,99): error TS1005: ';' expected.
node_modules/viem/_types/utils/abi/encodeErrorResult.d.ts(17,126): error TS1005: ';' expected.
node_modules/viem/_types/utils/abi/encodeErrorResult.d.ts(17,163): error TS1005: ')' expected.
node_modules/viem/_types/utils/abi/encodeErrorResult.d.ts(17,210): error TS1005: ';' expected.
node_modules/viem/_types/utils/abi/encodeErrorResult.d.ts(17,211): error TS1128: Declaration or statement expected.
node_modules/viem/_types/utils/abi/encodeEventTopics.d.ts(21,43): error TS1139: Type parameter declaration expected.
node_modules/viem/_types/utils/abi/encodeEventTopics.d.ts(21,54): error TS1005: ',' expected.
node_modules/viem/_types/utils/abi/encodeEventTopics.d.ts(21,66): error TS1005: ',' expected.
node_modules/viem/_types/utils/abi/encodeEventTopics.d.ts(21,77): error TS1005: ';' expected.
node_modules/viem/_types/utils/abi/encodeEventTopics.d.ts(21,85): error TS1011: An element access expression should take an argument.
node_modules/viem/_types/utils/abi/encodeEventTopics.d.ts(21,99): error TS1005: ';' expected.
node_modules/viem/_types/utils/abi/encodeEventTopics.d.ts(21,126): error TS1005: ';' expected.
node_modules/viem/_types/utils/abi/encodeEventTopics.d.ts(21,163): error TS1005: ')' expected.
node_modules/viem/_types/utils/abi/encodeEventTopics.d.ts(21,210): error TS1005: ';' expected.
node_modules/viem/_types/utils/abi/encodeEventTopics.d.ts(21,211): error TS1128: Declaration or statement expected.
node_modules/viem/_types/utils/abi/encodeEventTopics.d.ts(21,227): error TS1011: An element access expression should take an argument.
node_modules/viem/_types/utils/abi/encodeFunctionData.d.ts(18,44): error TS1139: Type parameter declaration expected.
node_modules/viem/_types/utils/abi/encodeFunctionData.d.ts(18,55): error TS1005: ',' expected.
node_modules/viem/_types/utils/abi/encodeFunctionData.d.ts(18,67): error TS1005: ',' expected.
node_modules/viem/_types/utils/abi/encodeFunctionData.d.ts(18,78): error TS1005: ';' expected.
node_modules/viem/_types/utils/abi/encodeFunctionData.d.ts(18,86): error TS1011: An element access expression should take an argument.
node_modules/viem/_types/utils/abi/encodeFunctionData.d.ts(18,103): error TS1005: ';' expected.
node_modules/viem/_types/utils/abi/encodeFunctionData.d.ts(18,130): error TS1005: ';' expected.
node_modules/viem/_types/utils/abi/encodeFunctionData.d.ts(18,171): error TS1005: ')' expected.
node_modules/viem/_types/utils/abi/encodeFunctionData.d.ts(18,222): error TS1005: ';' expected.
node_modules/viem/_types/utils/abi/encodeFunctionData.d.ts(18,223): error TS1128: Declaration or statement expected.
node_modules/viem/_types/utils/abi/encodeFunctionResult.d.ts(17,46): error TS1139: Type parameter declaration expected.
node_modules/viem/_types/utils/abi/encodeFunctionResult.d.ts(17,57): error TS1005: ',' expected.
node_modules/viem/_types/utils/abi/encodeFunctionResult.d.ts(17,69): error TS1005: ',' expected.
node_modules/viem/_types/utils/abi/encodeFunctionResult.d.ts(17,80): error TS1005: ';' expected.
node_modules/viem/_types/utils/abi/encodeFunctionResult.d.ts(17,88): error TS1011: An element access expression should take an argument.
node_modules/viem/_types/utils/abi/encodeFunctionResult.d.ts(17,105): error TS1005: ';' expected.
node_modules/viem/_types/utils/abi/encodeFunctionResult.d.ts(17,132): error TS1005: ';' expected.
node_modules/viem/_types/utils/abi/encodeFunctionResult.d.ts(17,175): error TS1005: ')' expected.
node_modules/viem/_types/utils/abi/encodeFunctionResult.d.ts(17,228): error TS1005: ';' expected.
node_modules/viem/_types/utils/abi/encodeFunctionResult.d.ts(17,229): error TS1128: Declaration or statement expected.
node_modules/viem/_types/utils/abi/encodePacked.d.ts(17,38): error TS1139: Type parameter declaration expected.
node_modules/viem/_types/utils/abi/encodePacked.d.ts(17,60): error TS1005: ',' expected.
node_modules/viem/_types/utils/abi/encodePacked.d.ts(17,77): error TS1005: ',' expected.
node_modules/viem/_types/utils/abi/encodePacked.d.ts(17,90): error TS1005: ',' expected.
node_modules/viem/_types/utils/abi/encodePacked.d.ts(17,93): error TS1005: ',' expected.
node_modules/viem/_types/utils/abi/encodePacked.d.ts(17,104): error TS1005: ';' expected.
node_modules/viem/_types/utils/abi/encodePacked.d.ts(17,112): error TS1011: An element access expression should take an argument.
node_modules/viem/_types/utils/abi/encodePacked.d.ts(17,120): error TS1005: ')' expected.
node_modules/viem/_types/utils/abi/encodePacked.d.ts(17,145): error TS1005: ';' expected.
node_modules/viem/_types/utils/abi/encodePacked.d.ts(17,182): error TS1005: ';' expected.
node_modules/viem/_types/utils/abi/encodePacked.d.ts(17,183): error TS1128: Declaration or statement expected.
node_modules/viem/_types/utils/abi/getAbiItem.d.ts(16,36): error TS1139: Type parameter declaration expected.
node_modules/viem/_types/utils/abi/getAbiItem.d.ts(16,47): error TS1005: ',' expected.
node_modules/viem/_types/utils/abi/getAbiItem.d.ts(16,59): error TS1005: ',' expected.
node_modules/viem/_types/utils/abi/getAbiItem.d.ts(16,70): error TS1005: ';' expected.
node_modules/viem/_types/utils/abi/getAbiItem.d.ts(16,78): error TS1011: An element access expression should take an argument.
node_modules/viem/_types/utils/abi/getAbiItem.d.ts(16,91): error TS1005: ';' expected.
node_modules/viem/_types/utils/abi/getAbiItem.d.ts(16,127): error TS1005: ')' expected.
node_modules/viem/_types/utils/abi/getAbiItem.d.ts(16,166): error TS1005: ';' expected.
node_modules/viem/_types/utils/abi/getAbiItem.d.ts(16,167): error TS1128: Declaration or statement expected.
node_modules/viem/_types/utils/chain/defineChain.d.ts(3,37): error TS1139: Type parameter declaration expected.
node_modules/viem/_types/utils/chain/defineChain.d.ts(3,49): error TS1005: ',' expected.
node_modules/viem/_types/utils/chain/defineChain.d.ts(3,75): error TS1005: ',' expected.
node_modules/viem/_types/utils/chain/defineChain.d.ts(3,99): error TS1005: ',' expected.
node_modules/viem/_types/utils/chain/defineChain.d.ts(3,111): error TS1005: ';' expected.
node_modules/viem/_types/utils/chain/defineChain.d.ts(3,129): error TS1005: ')' expected.
node_modules/viem/_types/utils/chain/defineChain.d.ts(3,145): error TS1109: Expression expected.
node_modules/viem/_types/utils/chain/defineChain.d.ts(3,170): error TS1005: ';' expected.
node_modules/viem/_types/utils/chain/defineChain.d.ts(3,171): error TS1128: Declaration or statement expected.
node_modules/viem/_types/utils/chain/extractChain.d.ts(9,38): error TS1139: Type parameter declaration expected.
node_modules/viem/_types/utils/chain/extractChain.d.ts(9,51): error TS1005: ',' expected.
node_modules/viem/_types/utils/chain/extractChain.d.ts(9,68): error TS1005: ',' expected.
node_modules/viem/_types/utils/chain/extractChain.d.ts(9,73): error TS1005: ',' expected.
node_modules/viem/_types/utils/chain/extractChain.d.ts(9,85): error TS1005: ',' expected.
node_modules/viem/_types/utils/chain/extractChain.d.ts(9,99): error TS1005: ',' expected.
node_modules/viem/_types/utils/chain/extractChain.d.ts(9,107): error TS1005: ',' expected.
node_modules/viem/_types/utils/chain/extractChain.d.ts(9,108): error TS1181: Array element destructuring pattern expected.
node_modules/viem/_types/utils/chain/extractChain.d.ts(9,112): error TS1005: ';' expected.
node_modules/viem/_types/utils/chain/extractChain.d.ts(9,113): error TS1109: Expression expected.
node_modules/viem/_types/utils/chain/extractChain.d.ts(9,130): error TS1005: ')' expected.
node_modules/viem/_types/utils/chain/extractChain.d.ts(9,171): error TS1005: ';' expected.
node_modules/viem/_types/utils/chain/extractChain.d.ts(9,172): error TS1128: Declaration or statement expected.
node_modules/viem/_types/utils/signature/hashTypedData.d.ts(18,39): error TS1139: Type parameter declaration expected.
node_modules/viem/_types/utils/signature/hashTypedData.d.ts(18,56): error TS1005: ',' expected.
node_modules/viem/_types/utils/signature/hashTypedData.d.ts(18,74): error TS1005: ',' expected.
node_modules/viem/_types/utils/signature/hashTypedData.d.ts(19,9): error TS1005: ']' expected.
node_modules/viem/_types/utils/signature/hashTypedData.d.ts(19,17): error TS1005: ',' expected.
node_modules/viem/_types/utils/signature/hashTypedData.d.ts(19,18): error TS1136: Property assignment expected.
node_modules/viem/_types/utils/signature/hashTypedData.d.ts(19,27): error TS1005: ',' expected.
node_modules/viem/_types/utils/signature/hashTypedData.d.ts(20,17): error TS1005: ';' expected.
node_modules/viem/_types/utils/signature/hashTypedData.d.ts(20,99): error TS1005: ')' expected.
node_modules/viem/_types/utils/signature/hashTypedData.d.ts(20,150): error TS1005: ';' expected.
node_modules/viem/_types/utils/signature/hashTypedData.d.ts(20,151): error TS1128: Declaration or statement expected.
node_modules/viem/_types/utils/signature/recoverTypedDataAddress.d.ts(14,49): error TS1139: Type parameter declaration expected.
node_modules/viem/_types/utils/signature/recoverTypedDataAddress.d.ts(14,66): error TS1005: ',' expected.
node_modules/viem/_types/utils/signature/recoverTypedDataAddress.d.ts(14,84): error TS1005: ',' expected.
node_modules/viem/_types/utils/signature/recoverTypedDataAddress.d.ts(15,9): error TS1005: ']' expected.
node_modules/viem/_types/utils/signature/recoverTypedDataAddress.d.ts(15,17): error TS1005: ',' expected.
node_modules/viem/_types/utils/signature/recoverTypedDataAddress.d.ts(15,18): error TS1136: Property assignment expected.
node_modules/viem/_types/utils/signature/recoverTypedDataAddress.d.ts(15,27): error TS1005: ',' expected.
node_modules/viem/_types/utils/signature/recoverTypedDataAddress.d.ts(16,17): error TS1005: ';' expected.
node_modules/viem/_types/utils/signature/recoverTypedDataAddress.d.ts(16,93): error TS1005: ')' expected.
node_modules/viem/_types/utils/signature/recoverTypedDataAddress.d.ts(16,154): error TS1005: ';' expected.
node_modules/viem/_types/utils/signature/recoverTypedDataAddress.d.ts(16,155): error TS1128: Declaration or statement expected.
node_modules/viem/_types/utils/signature/verifyTypedData.d.ts(30,41): error TS1139: Type parameter declaration expected.
node_modules/viem/_types/utils/signature/verifyTypedData.d.ts(30,58): error TS1005: ',' expected.
node_modules/viem/_types/utils/signature/verifyTypedData.d.ts(30,76): error TS1005: ',' expected.
node_modules/viem/_types/utils/signature/verifyTypedData.d.ts(31,9): error TS1005: ']' expected.
node_modules/viem/_types/utils/signature/verifyTypedData.d.ts(31,17): error TS1005: ',' expected.
node_modules/viem/_types/utils/signature/verifyTypedData.d.ts(31,18): error TS1136: Property assignment expected.
node_modules/viem/_types/utils/signature/verifyTypedData.d.ts(31,27): error TS1005: ',' expected.
node_modules/viem/_types/utils/signature/verifyTypedData.d.ts(32,17): error TS1005: ';' expected.
node_modules/viem/_types/utils/signature/verifyTypedData.d.ts(32,102): error TS1005: ')' expected.
node_modules/viem/_types/utils/signature/verifyTypedData.d.ts(32,155): error TS1005: ';' expected.
node_modules/viem/_types/utils/signature/verifyTypedData.d.ts(32,156): error TS1128: Declaration or statement expected.
node_modules/viem/_types/utils/typedData.d.ts(10,43): error TS1139: Type parameter declaration expected.
node_modules/viem/_types/utils/typedData.d.ts(10,60): error TS1005: ',' expected.
node_modules/viem/_types/utils/typedData.d.ts(10,78): error TS1005: ',' expected.
node_modules/viem/_types/utils/typedData.d.ts(11,9): error TS1005: ']' expected.
node_modules/viem/_types/utils/typedData.d.ts(11,17): error TS1005: ',' expected.
node_modules/viem/_types/utils/typedData.d.ts(11,18): error TS1136: Property assignment expected.
node_modules/viem/_types/utils/typedData.d.ts(11,27): error TS1005: ',' expected.
node_modules/viem/_types/utils/typedData.d.ts(12,17): error TS1005: ';' expected.
node_modules/viem/_types/utils/typedData.d.ts(12,90): error TS1005: ')' expected.
node_modules/viem/_types/utils/typedData.d.ts(12,137): error TS1005: ';' expected.
node_modules/viem/_types/utils/typedData.d.ts(12,138): error TS1128: Declaration or statement expected.
node_modules/viem/_types/utils/typedData.d.ts(12,144): error TS1109: Expression expected.
info Visit https://yarnpkg.com/en/docs/cli/run for documentation about this command.
